[debug] [2024-05-26T20:01:05.777Z] ----------------------------------------------------------------------
[debug] [2024-05-26T20:01:05.780Z] Command:       C:\Program Files\nodejs\node.exe C:\Users\minha\AppData\Roaming\npm\node_modules\firebase-tools\lib\bin\firebase.js init firestore
[debug] [2024-05-26T20:01:05.780Z] CLI Version:   13.10.1
[debug] [2024-05-26T20:01:05.780Z] Platform:      win32
[debug] [2024-05-26T20:01:05.781Z] Node Version:  v20.11.1
[debug] [2024-05-26T20:01:05.781Z] Time:          Mon May 27 2024 01:31:05 GMT+0530 (India Standard Time)
[debug] [2024-05-26T20:01:05.781Z] ----------------------------------------------------------------------
[debug] 
[debug] [2024-05-26T20:01:05.902Z] > command requires scopes: ["email","openid","https://www.googleapis.com/auth/cloudplatformprojects.readonly","https://www.googleapis.com/auth/firebase","https://www.googleapis.com/auth/cloud-platform"]
[debug] [2024-05-26T20:01:05.903Z] > authorizing via signed-in user (stk.devtest@gmail.com)
[info] 
     ######## #### ########  ######## ########     ###     ######  ########
     ##        ##  ##     ## ##       ##     ##  ##   ##  ##       ##
     ######    ##  ########  ######   ########  #########  ######  ######
     ##        ##  ##    ##  ##       ##     ## ##     ##       ## ##
     ##       #### ##     ## ######## ########  ##     ##  ######  ########

You're about to initialize a Firebase project in this directory:

  E:\work\junks\base-test

Before we get started, keep in mind:

  * You are initializing within an existing Firebase project directory

[info] 
=== Project Setup
[info] 
[info] First, let's associate this project directory with a Firebase project.
[info] You can create multiple project aliases by running firebase use --add, 
[info] but for now we'll just set up a default project.
[info] 
[debug] [2024-05-26T20:01:37.739Z] Using project from CLI flag: test-project-ebe9b
[debug] [2024-05-26T20:01:37.747Z] >>> [apiv2][query] GET https://firebase.googleapis.com/v1beta1/projects/test-project-ebe9b [none]
[debug] [2024-05-26T20:01:38.575Z] <<< [apiv2][status] GET https://firebase.googleapis.com/v1beta1/projects/test-project-ebe9b 200
[debug] [2024-05-26T20:01:38.576Z] <<< [apiv2][body] GET https://firebase.googleapis.com/v1beta1/projects/test-project-ebe9b {"projectId":"test-project-ebe9b","projectNumber":"690419511827","displayName":"test-project","name":"projects/test-project-ebe9b","resources":{"hostingSite":"test-project-ebe9b","realtimeDatabaseInstance":"test-project-ebe9b-default-rtdb"},"state":"ACTIVE","etag":"1_14390a40-e989-4417-8c45-c95a19b71a2a"}
[info] i  Using project test-project-ebe9b (test-project) 
[info] 
=== Firestore Setup
[debug] [2024-05-26T20:01:38.585Z] >>> [apiv2][query] GET https://serviceusage.googleapis.com/v1/projects/test-project-ebe9b/services/firestore.googleapis.com [none]
[debug] [2024-05-26T20:01:38.585Z] >>> [apiv2][(partial)header] GET https://serviceusage.googleapis.com/v1/projects/test-project-ebe9b/services/firestore.googleapis.com x-goog-quota-user=projects/test-project-ebe9b
[debug] [2024-05-26T20:01:40.378Z] <<< [apiv2][status] GET https://serviceusage.googleapis.com/v1/projects/test-project-ebe9b/services/firestore.googleapis.com 200
[debug] [2024-05-26T20:01:40.378Z] <<< [apiv2][body] GET https://serviceusage.googleapis.com/v1/projects/test-project-ebe9b/services/firestore.googleapis.com [omitted]
[debug] [2024-05-26T20:01:40.379Z] >>> [apiv2][query] GET https://firestore.googleapis.com/v1/projects/test-project-ebe9b/databases/(default) [none]
[debug] [2024-05-26T20:01:42.218Z] <<< [apiv2][status] GET https://firestore.googleapis.com/v1/projects/test-project-ebe9b/databases/(default) 200
[debug] [2024-05-26T20:01:42.218Z] <<< [apiv2][body] GET https://firestore.googleapis.com/v1/projects/test-project-ebe9b/databases/(default) {"name":"projects/test-project-ebe9b/databases/(default)","uid":"62cffe9c-c29f-4325-81bf-0e0030c26a18","createTime":"2024-05-26T19:31:16.163072Z","updateTime":"2024-05-26T19:31:16.163072Z","locationId":"nam5","type":"FIRESTORE_NATIVE","concurrencyMode":"PESSIMISTIC","versionRetentionPeriod":"3600s","earliestVersionTime":"2024-05-26T19:31:16.163072Z","appEngineIntegrationMode":"DISABLED","keyPrefix":"s","pointInTimeRecoveryEnablement":"POINT_IN_TIME_RECOVERY_DISABLED","deleteProtectionState":"DELETE_PROTECTION_DISABLED","etag":"IPXYjPSNrIYDMN7X8MGLrIYD"}
[debug] [2024-05-26T20:01:42.218Z] database_type: FIRESTORE_NATIVE
[debug] [2024-05-26T20:01:42.219Z] > command requires scopes: ["email","openid","https://www.googleapis.com/auth/cloudplatformprojects.readonly","https://www.googleapis.com/auth/firebase","https://www.googleapis.com/auth/cloud-platform"]
[debug] [2024-05-26T20:01:42.219Z] > authorizing via signed-in user (stk.devtest@gmail.com)
[debug] [2024-05-26T20:01:42.219Z] [iam] checking project test-project-ebe9b for permissions ["firebase.projects.get"]
[debug] [2024-05-26T20:01:42.220Z] >>> [apiv2][query] POST https://cloudresourcemanager.googleapis.com/v1/projects/test-project-ebe9b:testIamPermissions [none]
[debug] [2024-05-26T20:01:42.221Z] >>> [apiv2][(partial)header] POST https://cloudresourcemanager.googleapis.com/v1/projects/test-project-ebe9b:testIamPermissions x-goog-quota-user=projects/test-project-ebe9b
[debug] [2024-05-26T20:01:42.221Z] >>> [apiv2][body] POST https://cloudresourcemanager.googleapis.com/v1/projects/test-project-ebe9b:testIamPermissions {"permissions":["firebase.projects.get"]}
[debug] [2024-05-26T20:01:43.616Z] <<< [apiv2][status] POST https://cloudresourcemanager.googleapis.com/v1/projects/test-project-ebe9b:testIamPermissions 200
[debug] [2024-05-26T20:01:43.617Z] <<< [apiv2][body] POST https://cloudresourcemanager.googleapis.com/v1/projects/test-project-ebe9b:testIamPermissions {"permissions":["firebase.projects.get"]}
[info] 
[info] Firestore Security Rules allow you to define how and when to allow
[info] requests. You can keep these rules in your project directory
[info] and publish them with firebase deploy.
[info] 
